<?xml version="1.0" encoding="UTF-8"?>
<!-- Generated by org.testng.reporters.JUnitReportReporter -->
<testsuite hostname="DESKTOP-R6DTMT3" failures="0" tests="2" name="com.sauceddemo.TestClasses.CrossAndParallel" time="19.875" errors="0" timestamp="2021-02-12T10:00:48 IST" skipped="0">
  <testcase classname="com.sauceddemo.TestClasses.CrossAndParallel" name="testCheck" time="10.907"/>
  <system-out/>
  <testcase classname="com.sauceddemo.TestClasses.CrossAndParallel" name="testCheck" time="8.968"/>
  <system-out/>
</testsuite> <!-- com.sauceddemo.TestClasses.CrossAndParallel -->
