<?xml version="1.0" encoding="UTF-8"?>
<!-- Generated by org.testng.reporters.JUnitReportReporter -->
<testsuite hostname="DESKTOP-R6DTMT3" failures="0" tests="1" name="com.sauceddemo.TestClasses.TestAdditem" time="11.623" errors="0" timestamp="2021-02-12T08:12:59 IST" skipped="0">
  <testcase classname="com.sauceddemo.TestClasses.TestAdditem" name="AddItem" time="11.623"/>
  <system-out/>
</testsuite> <!-- com.sauceddemo.TestClasses.TestAdditem -->
